{"/Users/nastak/qa-auto-engineer-javascript-project-87/src/diff.js": {"path":"/Users/nastak/qa-auto-engineer-javascript-project-87/src/diff.js","statementMap":{"0":{"start":{"line":1,"column":18},"end":{"line":20,"column":1}},"1":{"start":{"line":2,"column":15},"end":{"line":3,"column":55}},"2":{"start":{"line":3,"column":20},"end":{"line":3,"column":54}},"3":{"start":{"line":5,"column":2},"end":{"line":19,"column":5}},"4":{"start":{"line":6,"column":16},"end":{"line":6,"column":63}},"5":{"start":{"line":7,"column":16},"end":{"line":7,"column":63}},"6":{"start":{"line":9,"column":4},"end":{"line":15,"column":5}},"7":{"start":{"line":10,"column":19},"end":{"line":10,"column":28}},"8":{"start":{"line":11,"column":19},"end":{"line":11,"column":28}},"9":{"start":{"line":12,"column":6},"end":{"line":12,"column":72}},"10":{"start":{"line":12,"column":25},"end":{"line":12,"column":72}},"11":{"start":{"line":14,"column":6},"end":{"line":14,"column":70}},"12":{"start":{"line":17,"column":4},"end":{"line":17,"column":63}},"13":{"start":{"line":17,"column":13},"end":{"line":17,"column":63}},"14":{"start":{"line":18,"column":4},"end":{"line":18,"column":52}},"15":{"start":{"line":22,"column":0},"end":{"line":22,"column":27}}},"fnMap":{"0":{"name":"(anonymous_0)","decl":{"start":{"line":1,"column":18},"end":{"line":1,"column":19}},"loc":{"start":{"line":1,"column":34},"end":{"line":20,"column":1}},"line":1},"1":{"name":"(anonymous_1)","decl":{"start":{"line":3,"column":10},"end":{"line":3,"column":11}},"loc":{"start":{"line":3,"column":20},"end":{"line":3,"column":54}},"line":3},"2":{"name":"(anonymous_2)","decl":{"start":{"line":5,"column":18},"end":{"line":5,"column":19}},"loc":{"start":{"line":5,"column":25},"end":{"line":19,"column":3}},"line":5}},"branchMap":{"0":{"loc":{"start":{"line":9,"column":4},"end":{"line":15,"column":5}},"type":"if","locations":[{"start":{"line":9,"column":4},"end":{"line":15,"column":5}},{"start":{},"end":{}}],"line":9},"1":{"loc":{"start":{"line":9,"column":8},"end":{"line":9,"column":18}},"type":"binary-expr","locations":[{"start":{"line":9,"column":8},"end":{"line":9,"column":11}},{"start":{"line":9,"column":15},"end":{"line":9,"column":18}}],"line":9},"2":{"loc":{"start":{"line":12,"column":6},"end":{"line":12,"column":72}},"type":"if","locations":[{"start":{"line":12,"column":6},"end":{"line":12,"column":72}},{"start":{},"end":{}}],"line":12},"3":{"loc":{"start":{"line":17,"column":4},"end":{"line":17,"column":63}},"type":"if","locations":[{"start":{"line":17,"column":4},"end":{"line":17,"column":63}},{"start":{},"end":{}}],"line":17}},"s":{"0":1,"1":6,"2":48,"3":6,"4":30,"5":30,"6":30,"7":12,"8":12,"9":12,"10":6,"11":6,"12":18,"13":12,"14":6,"15":1},"f":{"0":6,"1":48,"2":30},"b":{"0":[12,18],"1":[30,24],"2":[6,6],"3":[12,6]},"_coverageSchema":"1a1c01bbd47fc00a2c39e90264f33305004495a9","hash":"517ecc7e006e3fd210268afd0098f969958b784a"}
,"/Users/nastak/qa-auto-engineer-javascript-project-87/src/index.js": {"path":"/Users/nastak/qa-auto-engineer-javascript-project-87/src/index.js","statementMap":{"0":{"start":{"line":1,"column":21},"end":{"line":1,"column":44}},"1":{"start":{"line":2,"column":18},"end":{"line":2,"column":38}},"2":{"start":{"line":3,"column":15},"end":{"line":3,"column":47}},"3":{"start":{"line":6,"column":16},"end":{"line":6,"column":35}},"4":{"start":{"line":7,"column":16},"end":{"line":7,"column":35}},"5":{"start":{"line":8,"column":15},"end":{"line":8,"column":38}},"6":{"start":{"line":9,"column":2},"end":{"line":9,"column":33}},"7":{"start":{"line":12,"column":0},"end":{"line":12,"column":25}},"8":{"start":{"line":13,"column":0},"end":{"line":13,"column":33}}},"fnMap":{"0":{"name":"genDiff","decl":{"start":{"line":5,"column":9},"end":{"line":5,"column":16}},"loc":{"start":{"line":5,"column":62},"end":{"line":10,"column":1}},"line":5}},"branchMap":{"0":{"loc":{"start":{"line":5,"column":39},"end":{"line":5,"column":60}},"type":"default-arg","locations":[{"start":{"line":5,"column":51},"end":{"line":5,"column":60}}],"line":5}},"s":{"0":1,"1":1,"2":1,"3":6,"4":6,"5":6,"6":6,"7":1,"8":1},"f":{"0":6},"b":{"0":[2]},"_coverageSchema":"1a1c01bbd47fc00a2c39e90264f33305004495a9","hash":"18d64b18861aa4e587e4c2af04aabcf8a319165b"}
,"/Users/nastak/qa-auto-engineer-javascript-project-87/src/parsers.js": {"path":"/Users/nastak/qa-auto-engineer-javascript-project-87/src/parsers.js","statementMap":{"0":{"start":{"line":1,"column":11},"end":{"line":1,"column":24}},"1":{"start":{"line":2,"column":13},"end":{"line":2,"column":28}},"2":{"start":{"line":3,"column":13},"end":{"line":3,"column":31}},"3":{"start":{"line":6,"column":24},"end":{"line":8,"column":1}},"4":{"start":{"line":7,"column":2},"end":{"line":7,"column":78}},"5":{"start":{"line":11,"column":23},"end":{"line":11,"column":90}},"6":{"start":{"line":11,"column":37},"end":{"line":11,"column":90}},"7":{"start":{"line":14,"column":17},"end":{"line":14,"column":73}},"8":{"start":{"line":14,"column":35},"end":{"line":14,"column":73}},"9":{"start":{"line":17,"column":14},"end":{"line":27,"column":1}},"10":{"start":{"line":18,"column":2},"end":{"line":26,"column":3}},"11":{"start":{"line":20,"column":6},"end":{"line":20,"column":33}},"12":{"start":{"line":23,"column":6},"end":{"line":23,"column":32}},"13":{"start":{"line":25,"column":6},"end":{"line":25,"column":55}},"14":{"start":{"line":30,"column":17},"end":{"line":35,"column":1}},"15":{"start":{"line":31,"column":23},"end":{"line":31,"column":48}},"16":{"start":{"line":32,"column":17},"end":{"line":32,"column":45}},"17":{"start":{"line":33,"column":18},"end":{"line":33,"column":40}},"18":{"start":{"line":34,"column":2},"end":{"line":34,"column":32}},"19":{"start":{"line":37,"column":0},"end":{"line":43,"column":2}}},"fnMap":{"0":{"name":"(anonymous_0)","decl":{"start":{"line":6,"column":24},"end":{"line":6,"column":25}},"loc":{"start":{"line":7,"column":2},"end":{"line":7,"column":78}},"line":7},"1":{"name":"(anonymous_1)","decl":{"start":{"line":11,"column":23},"end":{"line":11,"column":24}},"loc":{"start":{"line":11,"column":37},"end":{"line":11,"column":90}},"line":11},"2":{"name":"(anonymous_2)","decl":{"start":{"line":14,"column":17},"end":{"line":14,"column":18}},"loc":{"start":{"line":14,"column":35},"end":{"line":14,"column":73}},"line":14},"3":{"name":"(anonymous_3)","decl":{"start":{"line":17,"column":14},"end":{"line":17,"column":15}},"loc":{"start":{"line":17,"column":35},"end":{"line":27,"column":1}},"line":17},"4":{"name":"(anonymous_4)","decl":{"start":{"line":30,"column":17},"end":{"line":30,"column":18}},"loc":{"start":{"line":30,"column":31},"end":{"line":35,"column":1}},"line":30}},"branchMap":{"0":{"loc":{"start":{"line":7,"column":2},"end":{"line":7,"column":78}},"type":"cond-expr","locations":[{"start":{"line":7,"column":30},"end":{"line":7,"column":38}},{"start":{"line":7,"column":41},"end":{"line":7,"column":78}}],"line":7},"1":{"loc":{"start":{"line":18,"column":2},"end":{"line":26,"column":3}},"type":"switch","locations":[{"start":{"line":19,"column":4},"end":{"line":20,"column":33}},{"start":{"line":21,"column":4},"end":{"line":21,"column":15}},{"start":{"line":22,"column":4},"end":{"line":23,"column":32}},{"start":{"line":24,"column":4},"end":{"line":25,"column":55}}],"line":18}},"s":{"0":1,"1":1,"2":1,"3":1,"4":12,"5":1,"6":12,"7":1,"8":12,"9":1,"10":12,"11":6,"12":6,"13":0,"14":1,"15":12,"16":12,"17":12,"18":12,"19":1},"f":{"0":12,"1":12,"2":12,"3":12,"4":12},"b":{"0":[12,0],"1":[6,6,6,0]},"_coverageSchema":"1a1c01bbd47fc00a2c39e90264f33305004495a9","hash":"e124e2d088093a134303668ac13ff991ad9a779e"}
,"/Users/nastak/qa-auto-engineer-javascript-project-87/src/formatters/index.js": {"path":"/Users/nastak/qa-auto-engineer-javascript-project-87/src/formatters/index.js","statementMap":{"0":{"start":{"line":1,"column":16},"end":{"line":1,"column":39}},"1":{"start":{"line":2,"column":14},"end":{"line":2,"column":35}},"2":{"start":{"line":3,"column":13},"end":{"line":3,"column":33}},"3":{"start":{"line":5,"column":15},"end":{"line":16,"column":1}},"4":{"start":{"line":6,"column":2},"end":{"line":15,"column":3}},"5":{"start":{"line":8,"column":6},"end":{"line":8,"column":28}},"6":{"start":{"line":10,"column":6},"end":{"line":10,"column":26}},"7":{"start":{"line":12,"column":6},"end":{"line":12,"column":25}},"8":{"start":{"line":14,"column":6},"end":{"line":14,"column":49}},"9":{"start":{"line":18,"column":0},"end":{"line":18,"column":24}}},"fnMap":{"0":{"name":"(anonymous_0)","decl":{"start":{"line":5,"column":15},"end":{"line":5,"column":16}},"loc":{"start":{"line":5,"column":44},"end":{"line":16,"column":1}},"line":5}},"branchMap":{"0":{"loc":{"start":{"line":5,"column":23},"end":{"line":5,"column":39}},"type":"default-arg","locations":[{"start":{"line":5,"column":30},"end":{"line":5,"column":39}}],"line":5},"1":{"loc":{"start":{"line":6,"column":2},"end":{"line":15,"column":3}},"type":"switch","locations":[{"start":{"line":7,"column":4},"end":{"line":8,"column":28}},{"start":{"line":9,"column":4},"end":{"line":10,"column":26}},{"start":{"line":11,"column":4},"end":{"line":12,"column":25}},{"start":{"line":13,"column":4},"end":{"line":14,"column":49}}],"line":6}},"s":{"0":1,"1":1,"2":1,"3":1,"4":6,"5":2,"6":2,"7":2,"8":0,"9":1},"f":{"0":6},"b":{"0":[0],"1":[2,2,2,0]},"_coverageSchema":"1a1c01bbd47fc00a2c39e90264f33305004495a9","hash":"a0473405593b456b7f65797a40571c46f3a7a0ac"}
,"/Users/nastak/qa-auto-engineer-javascript-project-87/src/formatters/json.js": {"path":"/Users/nastak/qa-auto-engineer-javascript-project-87/src/formatters/json.js","statementMap":{"0":{"start":{"line":1,"column":19},"end":{"line":1,"column":58}},"1":{"start":{"line":1,"column":29},"end":{"line":1,"column":58}},"2":{"start":{"line":2,"column":0},"end":{"line":2,"column":28}}},"fnMap":{"0":{"name":"(anonymous_0)","decl":{"start":{"line":1,"column":19},"end":{"line":1,"column":20}},"loc":{"start":{"line":1,"column":29},"end":{"line":1,"column":58}},"line":1}},"branchMap":{},"s":{"0":1,"1":2,"2":1},"f":{"0":2},"b":{},"_coverageSchema":"1a1c01bbd47fc00a2c39e90264f33305004495a9","hash":"02375868b1c953f84aceb44e04de5fa095089ce5"}
,"/Users/nastak/qa-auto-engineer-javascript-project-87/src/formatters/plain.js": {"path":"/Users/nastak/qa-auto-engineer-javascript-project-87/src/formatters/plain.js","statementMap":{"0":{"start":{"line":1,"column":21},"end":{"line":7,"column":1}},"1":{"start":{"line":2,"column":15},"end":{"line":2,"column":27}},"2":{"start":{"line":3,"column":2},"end":{"line":3,"column":36}},"3":{"start":{"line":3,"column":22},"end":{"line":3,"column":36}},"4":{"start":{"line":4,"column":2},"end":{"line":4,"column":45}},"5":{"start":{"line":4,"column":25},"end":{"line":4,"column":45}},"6":{"start":{"line":5,"column":2},"end":{"line":5,"column":50}},"7":{"start":{"line":5,"column":25},"end":{"line":5,"column":50}},"8":{"start":{"line":6,"column":2},"end":{"line":6,"column":23}},"9":{"start":{"line":9,"column":14},"end":{"line":28,"column":1}},"10":{"start":{"line":10,"column":16},"end":{"line":25,"column":4}},"11":{"start":{"line":11,"column":26},"end":{"line":11,"column":30}},"12":{"start":{"line":13,"column":4},"end":{"line":24,"column":5}},"13":{"start":{"line":15,"column":8},"end":{"line":15,"column":47}},"14":{"start":{"line":17,"column":8},"end":{"line":17,"column":85}},"15":{"start":{"line":19,"column":8},"end":{"line":19,"column":118}},"16":{"start":{"line":21,"column":8},"end":{"line":21,"column":18}},"17":{"start":{"line":23,"column":8},"end":{"line":23,"column":64}},"18":{"start":{"line":27,"column":2},"end":{"line":27,"column":26}},"19":{"start":{"line":30,"column":0},"end":{"line":30,"column":23}}},"fnMap":{"0":{"name":"(anonymous_0)","decl":{"start":{"line":1,"column":21},"end":{"line":1,"column":22}},"loc":{"start":{"line":1,"column":30},"end":{"line":7,"column":1}},"line":1},"1":{"name":"(anonymous_1)","decl":{"start":{"line":9,"column":14},"end":{"line":9,"column":15}},"loc":{"start":{"line":9,"column":23},"end":{"line":28,"column":1}},"line":9},"2":{"name":"(anonymous_2)","decl":{"start":{"line":10,"column":30},"end":{"line":10,"column":31}},"loc":{"start":{"line":10,"column":38},"end":{"line":25,"column":3}},"line":10}},"branchMap":{"0":{"loc":{"start":{"line":3,"column":2},"end":{"line":3,"column":36}},"type":"if","locations":[{"start":{"line":3,"column":2},"end":{"line":3,"column":36}},{"start":{},"end":{}}],"line":3},"1":{"loc":{"start":{"line":4,"column":2},"end":{"line":4,"column":45}},"type":"if","locations":[{"start":{"line":4,"column":2},"end":{"line":4,"column":45}},{"start":{},"end":{}}],"line":4},"2":{"loc":{"start":{"line":5,"column":2},"end":{"line":5,"column":50}},"type":"if","locations":[{"start":{"line":5,"column":2},"end":{"line":5,"column":50}},{"start":{},"end":{}}],"line":5},"3":{"loc":{"start":{"line":13,"column":4},"end":{"line":24,"column":5}},"type":"switch","locations":[{"start":{"line":14,"column":6},"end":{"line":15,"column":47}},{"start":{"line":16,"column":6},"end":{"line":17,"column":85}},{"start":{"line":18,"column":6},"end":{"line":19,"column":118}},{"start":{"line":20,"column":6},"end":{"line":21,"column":18}},{"start":{"line":22,"column":6},"end":{"line":23,"column":64}}],"line":13}},"s":{"0":1,"1":6,"2":6,"3":0,"4":6,"5":0,"6":6,"7":0,"8":6,"9":1,"10":2,"11":10,"12":10,"13":4,"14":2,"15":2,"16":2,"17":0,"18":2,"19":1},"f":{"0":6,"1":2,"2":10},"b":{"0":[0,6],"1":[0,6],"2":[0,6],"3":[4,2,2,2,0]},"_coverageSchema":"1a1c01bbd47fc00a2c39e90264f33305004495a9","hash":"33e8147542d608373c29419f74a2a66343141c57"}
,"/Users/nastak/qa-auto-engineer-javascript-project-87/src/formatters/stylish.js": {"path":"/Users/nastak/qa-auto-engineer-javascript-project-87/src/formatters/stylish.js","statementMap":{"0":{"start":{"line":1,"column":20},"end":{"line":1,"column":64}},"1":{"start":{"line":1,"column":26},"end":{"line":1,"column":63}},"2":{"start":{"line":3,"column":16},"end":{"line":26,"column":1}},"3":{"start":{"line":4,"column":17},"end":{"line":4,"column":21}},"4":{"start":{"line":5,"column":16},"end":{"line":23,"column":4}},"5":{"start":{"line":6,"column":26},"end":{"line":6,"column":30}},"6":{"start":{"line":8,"column":4},"end":{"line":22,"column":5}},"7":{"start":{"line":10,"column":8},"end":{"line":10,"column":63}},"8":{"start":{"line":12,"column":8},"end":{"line":12,"column":63}},"9":{"start":{"line":14,"column":8},"end":{"line":14,"column":63}},"10":{"start":{"line":16,"column":8},"end":{"line":19,"column":10}},"11":{"start":{"line":21,"column":8},"end":{"line":21,"column":54}},"12":{"start":{"line":25,"column":2},"end":{"line":25,"column":37}},"13":{"start":{"line":28,"column":0},"end":{"line":28,"column":25}}},"fnMap":{"0":{"name":"(anonymous_0)","decl":{"start":{"line":1,"column":20},"end":{"line":1,"column":21}},"loc":{"start":{"line":1,"column":26},"end":{"line":1,"column":63}},"line":1},"1":{"name":"(anonymous_1)","decl":{"start":{"line":3,"column":16},"end":{"line":3,"column":17}},"loc":{"start":{"line":3,"column":25},"end":{"line":26,"column":1}},"line":3},"2":{"name":"(anonymous_2)","decl":{"start":{"line":5,"column":30},"end":{"line":5,"column":31}},"loc":{"start":{"line":5,"column":38},"end":{"line":23,"column":3}},"line":5}},"branchMap":{"0":{"loc":{"start":{"line":1,"column":26},"end":{"line":1,"column":63}},"type":"cond-expr","locations":[{"start":{"line":1,"column":50},"end":{"line":1,"column":51}},{"start":{"line":1,"column":54},"end":{"line":1,"column":63}}],"line":1},"1":{"loc":{"start":{"line":8,"column":4},"end":{"line":22,"column":5}},"type":"switch","locations":[{"start":{"line":9,"column":6},"end":{"line":10,"column":63}},{"start":{"line":11,"column":6},"end":{"line":12,"column":63}},{"start":{"line":13,"column":6},"end":{"line":14,"column":63}},{"start":{"line":15,"column":6},"end":{"line":19,"column":10}},{"start":{"line":20,"column":6},"end":{"line":21,"column":54}}],"line":8}},"s":{"0":1,"1":12,"2":1,"3":2,"4":2,"5":10,"6":10,"7":2,"8":4,"9":2,"10":2,"11":0,"12":2,"13":1},"f":{"0":12,"1":2,"2":10},"b":{"0":[4,8],"1":[2,4,2,2,0]},"_coverageSchema":"1a1c01bbd47fc00a2c39e90264f33305004495a9","hash":"1fc12fd2c1d78def220c1de47ed491992a12632c"}
}
