{"/Users/nastak/qa-auto-engineer-javascript-project-87/src/index.js": {"path":"/Users/nastak/qa-auto-engineer-javascript-project-87/src/index.js","statementMap":{"0":{"start":{"line":1,"column":21},"end":{"line":1,"column":41}},"1":{"start":{"line":3,"column":20},"end":{"line":6,"column":1}},"2":{"start":{"line":4,"column":2},"end":{"line":4,"column":38}},"3":{"start":{"line":4,"column":29},"end":{"line":4,"column":38}},"4":{"start":{"line":5,"column":2},"end":{"line":5,"column":19}},"5":{"start":{"line":10,"column":17},"end":{"line":10,"column":21}},"6":{"start":{"line":13,"column":15},"end":{"line":13,"column":87}},"7":{"start":{"line":15,"column":16},"end":{"line":41,"column":4}},"8":{"start":{"line":16,"column":17},"end":{"line":16,"column":64}},"9":{"start":{"line":17,"column":17},"end":{"line":17,"column":64}},"10":{"start":{"line":19,"column":4},"end":{"line":32,"column":5}},"11":{"start":{"line":20,"column":19},"end":{"line":20,"column":28}},"12":{"start":{"line":21,"column":19},"end":{"line":21,"column":28}},"13":{"start":{"line":23,"column":6},"end":{"line":26,"column":7}},"14":{"start":{"line":25,"column":8},"end":{"line":25,"column":57}},"15":{"start":{"line":28,"column":6},"end":{"line":31,"column":8}},"16":{"start":{"line":34,"column":4},"end":{"line":37,"column":5}},"17":{"start":{"line":36,"column":6},"end":{"line":36,"column":60}},"18":{"start":{"line":40,"column":4},"end":{"line":40,"column":58}},"19":{"start":{"line":43,"column":2},"end":{"line":43,"column":37}},"20":{"start":{"line":48,"column":16},"end":{"line":48,"column":35}},"21":{"start":{"line":49,"column":16},"end":{"line":49,"column":35}},"22":{"start":{"line":50,"column":2},"end":{"line":50,"column":43}},"23":{"start":{"line":53,"column":0},"end":{"line":53,"column":25}}},"fnMap":{"0":{"name":"(anonymous_0)","decl":{"start":{"line":3,"column":20},"end":{"line":3,"column":21}},"loc":{"start":{"line":3,"column":27},"end":{"line":6,"column":1}},"line":3},"1":{"name":"buildFlatDiffString","decl":{"start":{"line":9,"column":9},"end":{"line":9,"column":28}},"loc":{"start":{"line":9,"column":41},"end":{"line":44,"column":1}},"line":9},"2":{"name":"(anonymous_2)","decl":{"start":{"line":15,"column":29},"end":{"line":15,"column":30}},"loc":{"start":{"line":15,"column":38},"end":{"line":41,"column":3}},"line":15},"3":{"name":"genDiff","decl":{"start":{"line":47,"column":9},"end":{"line":47,"column":16}},"loc":{"start":{"line":47,"column":66},"end":{"line":51,"column":1}},"line":47}},"branchMap":{"0":{"loc":{"start":{"line":4,"column":2},"end":{"line":4,"column":38}},"type":"if","locations":[{"start":{"line":4,"column":2},"end":{"line":4,"column":38}},{"start":{},"end":{}}],"line":4},"1":{"loc":{"start":{"line":19,"column":4},"end":{"line":32,"column":5}},"type":"if","locations":[{"start":{"line":19,"column":4},"end":{"line":32,"column":5}},{"start":{},"end":{}}],"line":19},"2":{"loc":{"start":{"line":19,"column":8},"end":{"line":19,"column":20}},"type":"binary-expr","locations":[{"start":{"line":19,"column":8},"end":{"line":19,"column":12}},{"start":{"line":19,"column":16},"end":{"line":19,"column":20}}],"line":19},"3":{"loc":{"start":{"line":23,"column":6},"end":{"line":26,"column":7}},"type":"if","locations":[{"start":{"line":23,"column":6},"end":{"line":26,"column":7}},{"start":{},"end":{}}],"line":23},"4":{"loc":{"start":{"line":34,"column":4},"end":{"line":37,"column":5}},"type":"if","locations":[{"start":{"line":34,"column":4},"end":{"line":37,"column":5}},{"start":{},"end":{}}],"line":34}},"s":{"0":1,"1":1,"2":6,"3":2,"4":4,"5":1,"6":1,"7":1,"8":5,"9":5,"10":5,"11":2,"12":2,"13":2,"14":1,"15":1,"16":3,"17":2,"18":1,"19":1,"20":1,"21":1,"22":1,"23":1},"f":{"0":6,"1":1,"2":5,"3":1},"b":{"0":[2,4],"1":[2,3],"2":[5,4],"3":[1,1],"4":[2,1]},"_coverageSchema":"1a1c01bbd47fc00a2c39e90264f33305004495a9","hash":"0b4466a4e89e7918643dd2ac4b7c4986cb3d5c63"}
,"/Users/nastak/qa-auto-engineer-javascript-project-87/src/parsers.js": {"path":"/Users/nastak/qa-auto-engineer-javascript-project-87/src/parsers.js","statementMap":{"0":{"start":{"line":1,"column":11},"end":{"line":1,"column":24}},"1":{"start":{"line":2,"column":13},"end":{"line":2,"column":28}},"2":{"start":{"line":7,"column":24},"end":{"line":9,"column":1}},"3":{"start":{"line":8,"column":2},"end":{"line":8,"column":78}},"4":{"start":{"line":14,"column":23},"end":{"line":17,"column":1}},"5":{"start":{"line":15,"column":14},"end":{"line":15,"column":67}},"6":{"start":{"line":16,"column":2},"end":{"line":16,"column":13}},"7":{"start":{"line":22,"column":17},"end":{"line":22,"column":73}},"8":{"start":{"line":22,"column":35},"end":{"line":22,"column":73}},"9":{"start":{"line":27,"column":14},"end":{"line":34,"column":1}},"10":{"start":{"line":28,"column":2},"end":{"line":33,"column":3}},"11":{"start":{"line":30,"column":6},"end":{"line":30,"column":33}},"12":{"start":{"line":32,"column":6},"end":{"line":32,"column":55}},"13":{"start":{"line":39,"column":17},"end":{"line":44,"column":1}},"14":{"start":{"line":40,"column":23},"end":{"line":40,"column":48}},"15":{"start":{"line":41,"column":17},"end":{"line":41,"column":45}},"16":{"start":{"line":42,"column":18},"end":{"line":42,"column":40}},"17":{"start":{"line":43,"column":2},"end":{"line":43,"column":32}},"18":{"start":{"line":46,"column":0},"end":{"line":52,"column":2}}},"fnMap":{"0":{"name":"(anonymous_0)","decl":{"start":{"line":7,"column":24},"end":{"line":7,"column":25}},"loc":{"start":{"line":8,"column":2},"end":{"line":8,"column":78}},"line":8},"1":{"name":"(anonymous_1)","decl":{"start":{"line":14,"column":23},"end":{"line":14,"column":24}},"loc":{"start":{"line":14,"column":37},"end":{"line":17,"column":1}},"line":14},"2":{"name":"(anonymous_2)","decl":{"start":{"line":22,"column":17},"end":{"line":22,"column":18}},"loc":{"start":{"line":22,"column":35},"end":{"line":22,"column":73}},"line":22},"3":{"name":"(anonymous_3)","decl":{"start":{"line":27,"column":14},"end":{"line":27,"column":15}},"loc":{"start":{"line":27,"column":35},"end":{"line":34,"column":1}},"line":27},"4":{"name":"(anonymous_4)","decl":{"start":{"line":39,"column":17},"end":{"line":39,"column":18}},"loc":{"start":{"line":39,"column":31},"end":{"line":44,"column":1}},"line":39}},"branchMap":{"0":{"loc":{"start":{"line":8,"column":2},"end":{"line":8,"column":78}},"type":"cond-expr","locations":[{"start":{"line":8,"column":30},"end":{"line":8,"column":38}},{"start":{"line":8,"column":41},"end":{"line":8,"column":78}}],"line":8},"1":{"loc":{"start":{"line":28,"column":2},"end":{"line":33,"column":3}},"type":"switch","locations":[{"start":{"line":29,"column":4},"end":{"line":30,"column":33}},{"start":{"line":31,"column":4},"end":{"line":32,"column":55}}],"line":28}},"s":{"0":1,"1":1,"2":1,"3":2,"4":1,"5":2,"6":2,"7":1,"8":2,"9":1,"10":2,"11":2,"12":0,"13":1,"14":2,"15":2,"16":2,"17":2,"18":1},"f":{"0":2,"1":2,"2":2,"3":2,"4":2},"b":{"0":[2,0],"1":[2,0]},"_coverageSchema":"1a1c01bbd47fc00a2c39e90264f33305004495a9","hash":"b12b7ea8f882338c8464607f8f070e594e61205a"}
}
