TN:
SF:src/diff.js
FN:1,(anonymous_0)
FN:4,(anonymous_1)
FNF:2
FNH:2
FNDA:4,(anonymous_0)
FNDA:20,(anonymous_1)
DA:1,1
DA:2,4
DA:4,4
DA:5,20
DA:6,20
DA:8,20
DA:9,8
DA:10,8
DA:11,8
DA:12,4
DA:14,4
DA:17,12
DA:18,4
DA:22,1
LF:14
LH:14
BRDA:8,0,0,8
BRDA:8,0,1,12
BRDA:8,1,0,20
BRDA:8,1,1,16
BRDA:11,2,0,4
BRDA:11,2,1,4
BRDA:17,3,0,8
BRDA:17,3,1,4
BRF:8
BRH:8
end_of_record
TN:
SF:src/index.js
FN:5,genDiff
FNF:1
FNH:1
FNDA:4,genDiff
DA:1,1
DA:2,1
DA:3,1
DA:6,4
DA:7,4
DA:8,4
DA:9,4
DA:12,1
LF:8
LH:8
BRDA:5,0,0,2
BRF:1
BRH:1
end_of_record
TN:
SF:src/parsers.js
FN:6,(anonymous_0)
FN:11,(anonymous_1)
FN:14,(anonymous_2)
FN:17,(anonymous_3)
FN:30,(anonymous_4)
FNF:5
FNH:5
FNDA:8,(anonymous_0)
FNDA:8,(anonymous_1)
FNDA:8,(anonymous_2)
FNDA:8,(anonymous_3)
FNDA:8,(anonymous_4)
DA:1,1
DA:2,1
DA:3,1
DA:6,1
DA:7,8
DA:11,8
DA:14,8
DA:17,1
DA:18,8
DA:20,4
DA:23,4
DA:25,0
DA:30,1
DA:31,8
DA:32,8
DA:33,8
DA:34,8
DA:37,1
LF:18
LH:17
BRDA:7,0,0,8
BRDA:7,0,1,0
BRDA:18,1,0,4
BRDA:18,1,1,4
BRDA:18,1,2,4
BRDA:18,1,3,0
BRF:6
BRH:4
end_of_record
TN:
SF:src/formatters/index.js
FN:4,(anonymous_0)
FNF:1
FNH:1
FNDA:4,(anonymous_0)
DA:1,1
DA:2,1
DA:4,1
DA:5,4
DA:7,2
DA:9,2
DA:11,0
DA:15,1
LF:8
LH:7
BRDA:4,0,0,0
BRDA:5,1,0,2
BRDA:5,1,1,2
BRDA:5,1,2,0
BRF:4
BRH:2
end_of_record
TN:
SF:src/formatters/plain.js
FN:1,(anonymous_0)
FN:9,(anonymous_1)
FN:10,(anonymous_2)
FNF:3
FNH:3
FNDA:6,(anonymous_0)
FNDA:2,(anonymous_1)
FNDA:10,(anonymous_2)
DA:1,1
DA:2,6
DA:3,6
DA:4,6
DA:5,6
DA:6,6
DA:9,1
DA:10,2
DA:11,10
DA:13,10
DA:15,4
DA:17,2
DA:19,2
DA:21,2
DA:23,0
DA:27,2
DA:30,1
LF:17
LH:16
BRDA:3,0,0,0
BRDA:3,0,1,6
BRDA:4,1,0,0
BRDA:4,1,1,6
BRDA:5,2,0,0
BRDA:5,2,1,6
BRDA:13,3,0,4
BRDA:13,3,1,2
BRDA:13,3,2,2
BRDA:13,3,3,2
BRDA:13,3,4,0
BRF:11
BRH:7
end_of_record
TN:
SF:src/formatters/stylish.js
FN:1,(anonymous_0)
FN:3,(anonymous_1)
FN:5,(anonymous_2)
FNF:3
FNH:3
FNDA:12,(anonymous_0)
FNDA:2,(anonymous_1)
FNDA:10,(anonymous_2)
DA:1,12
DA:3,1
DA:4,2
DA:5,2
DA:6,10
DA:8,10
DA:10,2
DA:12,4
DA:14,2
DA:16,2
DA:21,0
DA:25,2
DA:28,1
LF:13
LH:12
BRDA:1,0,0,4
BRDA:1,0,1,8
BRDA:8,1,0,2
BRDA:8,1,1,4
BRDA:8,1,2,2
BRDA:8,1,3,2
BRDA:8,1,4,0
BRF:7
BRH:6
end_of_record
